<?xml version="1.0" encoding="UTF-8" ?>
<testsuite tests="11" failures="0" name="com.techelevator.view.ConsoleServiceTest" time="0.193" errors="0" skipped="0">
  <properties>
[...]
</properties>
  <testcase classname="com.techelevator.view.ConsoleServiceTest" name="displays_a_list_of_menu_options_and_prompts_user_to_make_a_choice" time="0.119"/>
  <testcase classname="com.techelevator.view.ConsoleServiceTest" name="displays_prompt_for_user_input" time="0"/>
  <testcase classname="com.techelevator.view.ConsoleServiceTest" name="displays_prompt_for_user_input_integer" time="0"/>
  <testcase classname="com.techelevator.view.ConsoleServiceTest" name="prints_a_blank_line_after_successful_choice" time="0.002"/>
  <testcase classname="com.techelevator.view.ConsoleServiceTest" name="redisplays_menu_if_user_chooses_option_less_than_1" time="0.06"/>
  <testcase classname="com.techelevator.view.ConsoleServiceTest" name="redisplays_menu_if_user_does_not_choose_valid_option" time="0.003"/>
  <testcase classname="com.techelevator.view.ConsoleServiceTest" name="redisplays_menu_if_user_enters_garbage" time="0.003"/>
  <testcase classname="com.techelevator.view.ConsoleServiceTest" name="returns_object_corresponding_to_user_choice" time="0.001"/>
  <testcase classname="com.techelevator.view.ConsoleServiceTest" name="returns_user_input" time="0.001"/>
  <testcase classname="com.techelevator.view.ConsoleServiceTest" name="returns_user_input_for_integer" time="0.001"/>
  <testcase classname="com.techelevator.view.ConsoleServiceTest" name="shows_error_and_redisplays_prompt_if_user_enters_invalid_integer" time="0.003"/>
</testsuite>